---------------------------------+-----------+-----------+-----------+-----------+
File                             |   % Stmts |% Branches |   % Funcs |   % Lines |
---------------------------------+-----------+-----------+-----------+-----------+
   ./app/js\                     |     [93m70.59[0m |       [92m100[0m |        [93m60[0m |     [93m70.59[0m |
      app.js                     |     [91m33.33[0m |       [92m100[0m |         [91m0[0m |     [91m33.33[0m |
      controllers.js             |     [91m27.27[0m |       [92m100[0m |        [91m40[0m |     [91m27.27[0m |
      directives.js              |       [92m100[0m |       [92m100[0m |       [92m100[0m |       [92m100[0m |
      filters.js                 |       [92m100[0m |       [92m100[0m |       [92m100[0m |       [92m100[0m |
      myService.js               |     [92m88.89[0m |       [92m100[0m |        [93m75[0m |     [92m88.89[0m |
      serverDataAccessService.js |       [92m100[0m |       [92m100[0m |        [93m75[0m |       [92m100[0m |
      services.js                |     [93m66.67[0m |       [92m100[0m |         [91m0[0m |     [93m66.67[0m |
---------------------------------+-----------+-----------+-----------+-----------+
All files                        |     [93m70.59[0m |       [92m100[0m |        [93m60[0m |     [93m70.59[0m |
---------------------------------+-----------+-----------+-----------+-----------+
